<?xml version="1.0" encoding="UTF-8"?>
<testng-results skipped="0" failed="0" total="1" passed="1">
  <reporter-output>
  </reporter-output>
  <suite name="Cucumber Framework" duration-ms="45552" started-at="2018-07-29T00:42:07Z" finished-at="2018-07-29T00:42:53Z">
    <groups>
      <group name="cucumber">
        <method signature="AbstractTestNGCucumberTests.feature(cucumber.api.testng.CucumberFeatureWrapper)[pri:0, instance:runner.Runner@72d818d1]" name="feature" class="cucumber.api.testng.AbstractTestNGCucumberTests"/>
      </group> <!-- cucumber -->
    </groups>
    <test name="Cucumber Rediff Portfolio Tests" duration-ms="45552" started-at="2018-07-29T00:42:07Z" finished-at="2018-07-29T00:42:53Z">
      <class name="runner.Runner">
        <test-method status="PASS" signature="setUpClass()[pri:0, instance:runner.Runner@72d818d1]" name="setUpClass" is-config="true" duration-ms="312" started-at="2018-07-29T10:42:07Z" finished-at="2018-07-29T10:42:08Z">
          <reporter-output>
          </reporter-output>
        </test-method> <!-- setUpClass -->
        <test-method status="PASS" signature="feature(cucumber.api.testng.CucumberFeatureWrapper)[pri:0, instance:runner.Runner@72d818d1]" name="feature" duration-ms="44580" started-at="2018-07-29T10:42:08Z" description="Runs Cucumber Feature" data-provider="features" finished-at="2018-07-29T10:42:52Z">
          <params>
            <param index="0">
              <value>
                <![CDATA[Adding stock name in the portfolio]]>
              </value>
            </param>
          </params>
          <reporter-output>
          </reporter-output>
        </test-method> <!-- feature -->
        <test-method status="PASS" signature="tearDownClass()[pri:0, instance:runner.Runner@72d818d1]" name="tearDownClass" is-config="true" duration-ms="531" started-at="2018-07-29T10:42:52Z" finished-at="2018-07-29T10:42:53Z">
          <reporter-output>
          </reporter-output>
        </test-method> <!-- tearDownClass -->
      </class> <!-- runner.Runner -->
    </test> <!-- Cucumber Rediff Portfolio Tests -->
  </suite> <!-- Cucumber Framework -->
</testng-results>
